c:\users\asus\documents\a - cours e4\geometricmodeling\meshviewercmake\meshviewer-init\meshviewer-init\myproj\debug\vc143.pdb
c:\users\asus\documents\a - cours e4\geometricmodeling\meshviewercmake\meshviewer-init\meshviewer-init\myproj\debug\vc143.idb
c:\users\asus\documents\a - cours e4\geometricmodeling\meshviewercmake\meshviewer-init\meshviewer-init\myproj\debug\myvector3d.obj
c:\users\asus\documents\a - cours e4\geometricmodeling\meshviewercmake\meshviewer-init\meshviewer-init\myproj\debug\mypoint3d.obj
c:\users\asus\documents\a - cours e4\geometricmodeling\meshviewercmake\meshviewer-init\meshviewer-init\myproj\debug\myvertex.obj
c:\users\asus\documents\a - cours e4\geometricmodeling\meshviewercmake\meshviewer-init\meshviewer-init\myproj\debug\mymesh.obj
c:\users\asus\documents\a - cours e4\geometricmodeling\meshviewercmake\meshviewer-init\meshviewer-init\myproj\debug\myhalfedge.obj
c:\users\asus\documents\a - cours e4\geometricmodeling\meshviewercmake\meshviewer-init\meshviewer-init\myproj\debug\myface.obj
c:\users\asus\documents\a - cours e4\geometricmodeling\meshviewercmake\meshviewer-init\meshviewer-init\myproj\debug\main.obj
c:\users\asus\documents\a - cours e4\geometricmodeling\meshviewercmake\meshviewer-init\meshviewer-init\debug\myproj.exe
c:\users\asus\documents\a - cours e4\geometricmodeling\meshviewercmake\meshviewer-init\meshviewer-init\myproj\debug\myproj.ilk
c:\users\asus\documents\a - cours e4\geometricmodeling\meshviewercmake\meshviewer-init\meshviewer-init\debug\myproj.pdb
c:\users\asus\documents\a - cours e4\geometricmodeling\meshviewercmake\meshviewer-init\meshviewer-init\myproj\debug\main.obj.enc
c:\users\asus\documents\a - cours e4\geometricmodeling\meshviewercmake\meshviewer-init\meshviewer-init\myproj\debug\myproj.tlog\cl.command.1.tlog
c:\users\asus\documents\a - cours e4\geometricmodeling\meshviewercmake\meshviewer-init\meshviewer-init\myproj\debug\myproj.tlog\cl.items.tlog
c:\users\asus\documents\a - cours e4\geometricmodeling\meshviewercmake\meshviewer-init\meshviewer-init\myproj\debug\myproj.tlog\cl.read.1.tlog
c:\users\asus\documents\a - cours e4\geometricmodeling\meshviewercmake\meshviewer-init\meshviewer-init\myproj\debug\myproj.tlog\cl.write.1.tlog
c:\users\asus\documents\a - cours e4\geometricmodeling\meshviewercmake\meshviewer-init\meshviewer-init\myproj\debug\myproj.tlog\link.command.1.tlog
c:\users\asus\documents\a - cours e4\geometricmodeling\meshviewercmake\meshviewer-init\meshviewer-init\myproj\debug\myproj.tlog\link.read.1.tlog
c:\users\asus\documents\a - cours e4\geometricmodeling\meshviewercmake\meshviewer-init\meshviewer-init\myproj\debug\myproj.tlog\link.write.1.tlog
